Using pre-set license
Built from '2021.3/staging' branch; Version is '2021.3.21f1 (1b156197d683) revision 1774945'; Using compiler version '192829333'; Build Type 'Release'
OS: 'Windows 11  (10.0.22621) 64bit Core' Language: 'en' Physical Memory: 32625 MB
BatchMode: 1, IsHumanControllingUs: 0, StartBugReporterOnCrash: 0, Is64bit: 1, IsPro: 1

COMMAND LINE ARGUMENTS:
C:\Program Files\Unity\Hub\Editor\2021.3.21f1\Editor\Unity.exe
-adb2
-batchMode
-noUpm
-name
AssetImportWorker1
-projectPath
C:/Users/User/AppData/Local/Temp/a975219593f10364b8b1af575c1de8d1
-logFile
Logs/AssetImportWorker1.log
-srvPort
51076
Successfully changed project path to: C:/Users/User/AppData/Local/Temp/a975219593f10364b8b1af575c1de8d1
C:/Users/User/AppData/Local/Temp/a975219593f10364b8b1af575c1de8d1
[UnityMemory] Configuration Parameters - Can be set up in boot.config
    "memorysetup-bucket-allocator-granularity=16"
    "memorysetup-bucket-allocator-bucket-count=8"
    "memorysetup-bucket-allocator-block-size=33554432"
    "memorysetup-bucket-allocator-block-count=8"
    "memorysetup-main-allocator-block-size=16777216"
    "memorysetup-thread-allocator-block-size=16777216"
    "memorysetup-gfx-main-allocator-block-size=16777216"
    "memorysetup-gfx-thread-allocator-block-size=16777216"
    "memorysetup-cache-allocator-block-size=4194304"
    "memorysetup-typetree-allocator-block-size=2097152"
    "memorysetup-profiler-bucket-allocator-granularity=16"
    "memorysetup-profiler-bucket-allocator-bucket-count=8"
    "memorysetup-profiler-bucket-allocator-block-size=33554432"
    "memorysetup-profiler-bucket-allocator-block-count=8"
    "memorysetup-profiler-allocator-block-size=16777216"
    "memorysetup-profiler-editor-allocator-block-size=1048576"
    "memorysetup-temp-allocator-size-main=16777216"
    "memorysetup-job-temp-allocator-block-size=2097152"
    "memorysetup-job-temp-allocator-block-size-background=1048576"
    "memorysetup-job-temp-allocator-reduction-small-platforms=262144"
    "memorysetup-temp-allocator-size-background-worker=32768"
    "memorysetup-temp-allocator-size-job-worker=262144"
    "memorysetup-temp-allocator-size-preload-manager=33554432"
    "memorysetup-temp-allocator-size-nav-mesh-worker=65536"
    "memorysetup-temp-allocator-size-audio-worker=65536"
    "memorysetup-temp-allocator-size-cloud-worker=32768"
    "memorysetup-temp-allocator-size-gi-baking-worker=262144"
    "memorysetup-temp-allocator-size-gfx=262144"
Player connection [31440] Host "[IP] 10.0.0.53 [Port] 0 [Flags] 2 [Guid] 3112143231 [EditorId] 3112143231 [Version] 1048832 [Id] WindowsEditor(7,DESKTOP-R4CDNJ8) [Debug] 1 [PackageName] WindowsEditor [ProjectName] Editor" joined multi-casting on [225.0.0.222:54997]...

Player connection [31440] Host "[IP] 10.0.0.53 [Port] 0 [Flags] 2 [Guid] 3112143231 [EditorId] 3112143231 [Version] 1048832 [Id] WindowsEditor(7,DESKTOP-R4CDNJ8) [Debug] 1 [PackageName] WindowsEditor [ProjectName] Editor" joined alternative multi-casting on [225.0.0.222:34997]...

Refreshing native plugins compatible for Editor in 54.31 ms, found 3 plugins.
Preloading 0 native plugins for Editor in 0.00 ms.
Initialize engine version: 2021.3.21f1 (1b156197d683)
[Subsystems] Discovering subsystems at path C:/Program Files/Unity/Hub/Editor/2021.3.21f1/Editor/Data/Resources/UnitySubsystems
[Subsystems] Discovering subsystems at path C:/Users/User/AppData/Local/Temp/a975219593f10364b8b1af575c1de8d1/Assets
GfxDevice: creating device client; threaded=0; jobified=0
Direct3D:
    Version:  Direct3D 11.0 [level 11.1]
    Renderer: NVIDIA GeForce RTX 3070 (ID=0x2488)
    Vendor:   NVIDIA
    VRAM:     8032 MB
    Driver:   31.0.15.2756
Initialize mono
Mono path[0] = 'C:/Program Files/Unity/Hub/Editor/2021.3.21f1/Editor/Data/Managed'
Mono path[1] = 'C:/Program Files/Unity/Hub/Editor/2021.3.21f1/Editor/Data/MonoBleedingEdge/lib/mono/unityjit-win32'
Mono config path = 'C:/Program Files/Unity/Hub/Editor/2021.3.21f1/Editor/Data/MonoBleedingEdge/etc'
Using monoOptions --debugger-agent=transport=dt_socket,embedding=1,server=y,suspend=n,address=127.0.0.1:56876
Begin MonoManager ReloadAssembly
Registering precompiled unity dll's ...
Register platform support module: C:/Program Files/Unity/Hub/Editor/2021.3.21f1/Editor/Data/PlaybackEngines/AndroidPlayer/UnityEditor.Android.Extensions.dll
Register platform support module: C:/Program Files/Unity/Hub/Editor/2021.3.21f1/Editor/Data/PlaybackEngines/iOSSupport/UnityEditor.iOS.Extensions.dll
Register platform support module: C:/Program Files/Unity/Hub/Editor/2021.3.21f1/Editor/Data/PlaybackEngines/WindowsStandaloneSupport/UnityEditor.WindowsStandalone.Extensions.dll
Registered in 0.002988 seconds.
Native extension for WindowsStandalone target not found
Native extension for iOS target not found
Native extension for Android target not found
Android Extension - Scanning For ADB Devices 168 ms
Refreshing native plugins compatible for Editor in 44.84 ms, found 3 plugins.
Preloading 0 native plugins for Editor in 0.00 ms.
Mono: successfully reloaded assembly
- Completed reload, in  0.570 seconds
Domain Reload Profiling:
	ReloadAssembly (570ms)
		BeginReloadAssembly (50ms)
			ExecutionOrderSort (0ms)
			DisableScriptedObjects (0ms)
			BackupInstance (0ms)
			ReleaseScriptingObjects (0ms)
			CreateAndSetChildDomain (0ms)
		EndReloadAssembly (464ms)
			LoadAssemblies (49ms)
			RebuildTransferFunctionScriptingTraits (0ms)
			SetupTypeCache (65ms)
			ReleaseScriptCaches (0ms)
			RebuildScriptCaches (15ms)
			SetupLoadedEditorAssemblies (352ms)
				LogAssemblyErrors (0ms)
				InitializePlatformSupportModulesInManaged (228ms)
				SetLoadedEditorAssemblies (0ms)
				RefreshPlugins (45ms)
				BeforeProcessingInitializeOnLoad (1ms)
				ProcessInitializeOnLoadAttributes (52ms)
				ProcessInitializeOnLoadMethodAttributes (26ms)
				AfterProcessingInitializeOnLoad (0ms)
				EditorAssembliesLoaded (0ms)
			ExecutionOrderSort2 (0ms)
			AwakeInstancesAfterBackupRestoration (0ms)
Platform modules already initialized, skipping
Registering precompiled user dll's ...
Registered in 0.003813 seconds.
Begin MonoManager ReloadAssembly
Native extension for WindowsStandalone target not found
Native extension for iOS target not found
Native extension for Android target not found
Refreshing native plugins compatible for Editor in 0.59 ms, found 3 plugins.
Preloading 0 native plugins for Editor in 0.00 ms.
Mono: successfully reloaded assembly
- Completed reload, in  0.697 seconds
Domain Reload Profiling:
	ReloadAssembly (698ms)
		BeginReloadAssembly (73ms)
			ExecutionOrderSort (0ms)
			DisableScriptedObjects (3ms)
			BackupInstance (0ms)
			ReleaseScriptingObjects (0ms)
			CreateAndSetChildDomain (14ms)
		EndReloadAssembly (559ms)
			LoadAssemblies (51ms)
			RebuildTransferFunctionScriptingTraits (0ms)
			SetupTypeCache (127ms)
			ReleaseScriptCaches (0ms)
			RebuildScriptCaches (29ms)
			SetupLoadedEditorAssemblies (318ms)
				LogAssemblyErrors (0ms)
				InitializePlatformSupportModulesInManaged (16ms)
				SetLoadedEditorAssemblies (0ms)
				RefreshPlugins (1ms)
				BeforeProcessingInitializeOnLoad (38ms)
				ProcessInitializeOnLoadAttributes (247ms)
				ProcessInitializeOnLoadMethodAttributes (14ms)
				AfterProcessingInitializeOnLoad (3ms)
				EditorAssembliesLoaded (0ms)
			ExecutionOrderSort2 (0ms)
			AwakeInstancesAfterBackupRestoration (3ms)
Platform modules already initialized, skipping
========================================================================
Worker process is ready to serve import requests
Launched and connected shader compiler UnityShaderCompiler.exe after 0.02 seconds
Refreshing native plugins compatible for Editor in 0.73 ms, found 3 plugins.
Preloading 0 native plugins for Editor in 0.00 ms.
Unloading 3147 Unused Serialized files (Serialized files now loaded: 0)
Unloading 94 unused Assets / (51.1 KB). Loaded Objects now: 3547.
Memory consumption went from 114.0 MB to 113.9 MB.
Total: 2.545700 ms (FindLiveObjects: 0.199300 ms CreateObjectMapping: 0.076200 ms MarkObjects: 2.198900 ms  DeleteObjects: 0.070100 ms)

AssetImportParameters requested are different than current active one (requested -> active):
  custom:video-decoder-ogg-theora: a1e56fd34408186e4bbccfd4996cb3dc -> 
  custom:container-muxer-webm: aa71ff27fc2769a1b78a27578f13a17b -> 
  custom:container-demuxer-webm: 4f35f7cbe854078d1ac9338744f61a02 -> 
  custom:video-encoder-webm-vp8: eb34c28f22e8b96e1ab97ce403110664 -> 
  custom:audio-encoder-webm-vorbis: bf7c407c2cedff20999df2af8eb42d56 -> 
  custom:framework-win-MediaFoundation: 216162199b28c13a410421893ffa2e32 -> 
  custom:container-demuxer-ogg: 62fdf1f143b41e24485cea50d1cbac27 -> 
  custom:video-decoder-webm-vp8: 9c59270c3fd7afecdb556c50c9e8de78 -> 
  custom:audio-decoder-ogg-vorbis: bf7c407c2cedff20999df2af8eb42d56 -> 
========================================================================
Received Import Request.
  Time since last request: 793350.287119 seconds.
  path: Assets/Plugins
  artifactKey: Guid(fe55bbd5240787b4284cb1ec69c284f5) Importer(815301076,1909f56bfc062723c751e8b465ee728b)
Start importing Assets/Plugins using Guid(fe55bbd5240787b4284cb1ec69c284f5) Importer(815301076,1909f56bfc062723c751e8b465ee728b)  -> (artifact id: '7a288ed238b65111637b5971ccd12412') in 0.007926 seconds 
========================================================================
Received Import Request.
  Time since last request: 23.140725 seconds.
  path: Assets/Roll On/Prefabs/ButtonOutline.prefab
  artifactKey: Guid(6d2218bbec58a684d91bf4810953c594) Importer(815301076,1909f56bfc062723c751e8b465ee728b)
Start importing Assets/Roll On/Prefabs/ButtonOutline.prefab using Guid(6d2218bbec58a684d91bf4810953c594) Importer(815301076,1909f56bfc062723c751e8b465ee728b)  -> (artifact id: '625652d18dfebea799fa03588a0ab7b7') in 0.039645 seconds 
========================================================================
Received Import Request.
  Time since last request: 0.000019 seconds.
  path: Assets/Roll On/Prefabs/Coin.renderTexture
  artifactKey: Guid(5f323c7923ea77a4fa79fb3b23699213) Importer(815301076,1909f56bfc062723c751e8b465ee728b)
Start importing Assets/Roll On/Prefabs/Coin.renderTexture using Guid(5f323c7923ea77a4fa79fb3b23699213) Importer(815301076,1909f56bfc062723c751e8b465ee728b)  -> (artifact id: '09dfb89c239b91b3f42850a4574e5303') in 0.044556 seconds 
========================================================================
Received Import Request.
  Time since last request: 0.000013 seconds.
  path: Assets/Roll On/Prefabs/ChangeColors.prefab
  artifactKey: Guid(ce3737d6d63c5d84baa3fe3a814c08a8) Importer(815301076,1909f56bfc062723c751e8b465ee728b)
Start importing Assets/Roll On/Prefabs/ChangeColors.prefab using Guid(ce3737d6d63c5d84baa3fe3a814c08a8) Importer(815301076,1909f56bfc062723c751e8b465ee728b)  -> (artifact id: '0d13a688b85f141174d72b1699f6a491') in 0.033732 seconds 
========================================================================
Received Import Request.
  Time since last request: 0.000028 seconds.
  path: Assets/Roll On/Prefabs/Gameobjects.prefab
  artifactKey: Guid(e2ca3aac1d573cc4da95a530f6eaccbe) Importer(815301076,1909f56bfc062723c751e8b465ee728b)
Start importing Assets/Roll On/Prefabs/Gameobjects.prefab using Guid(e2ca3aac1d573cc4da95a530f6eaccbe) Importer(815301076,1909f56bfc062723c751e8b465ee728b)  -> (artifact id: '0f0db6249d61017647e13f8ae1f9f258') in 0.166748 seconds 
========================================================================
Received Import Request.
  Time since last request: 0.000020 seconds.
  path: Assets/Roll On/Prefabs/CoinImage.prefab
  artifactKey: Guid(203e23e0692a1e44384e7bee268cc55e) Importer(815301076,1909f56bfc062723c751e8b465ee728b)
Start importing Assets/Roll On/Prefabs/CoinImage.prefab using Guid(203e23e0692a1e44384e7bee268cc55e) Importer(815301076,1909f56bfc062723c751e8b465ee728b)  -> (artifact id: '04752d8cc42f758c65fabb590e381205') in 0.010404 seconds 
========================================================================
Received Import Request.
  Time since last request: 0.000022 seconds.
  path: Assets/Roll On/Prefabs/GroundPlane (1).prefab
  artifactKey: Guid(524d9384d865bfe419061cfc15ac7eaf) Importer(815301076,1909f56bfc062723c751e8b465ee728b)
Start importing Assets/Roll On/Prefabs/GroundPlane (1).prefab using Guid(524d9384d865bfe419061cfc15ac7eaf) Importer(815301076,1909f56bfc062723c751e8b465ee728b)  -> (artifact id: 'b3cf15abde006bbd99bb7d5263e145d9') in 0.090857 seconds 
========================================================================
Received Import Request.
  Time since last request: 0.000019 seconds.
  path: Assets/Roll On/Prefabs/CoinRendering.prefab
  artifactKey: Guid(4302d51d428c25e4daa395aa443fa68e) Importer(815301076,1909f56bfc062723c751e8b465ee728b)
Start importing Assets/Roll On/Prefabs/CoinRendering.prefab using Guid(4302d51d428c25e4daa395aa443fa68e) Importer(815301076,1909f56bfc062723c751e8b465ee728b)  -> (artifact id: '4714c75a4f6b3a878e5437896821f314') in 0.063805 seconds 
========================================================================
Received Import Request.
  Time since last request: 0.000016 seconds.
  path: Assets/Roll On/Prefabs/SpawnTrigger.prefab
  artifactKey: Guid(f4eb72c31c405214ab063f19eada5977) Importer(815301076,1909f56bfc062723c751e8b465ee728b)
Start importing Assets/Roll On/Prefabs/SpawnTrigger.prefab using Guid(f4eb72c31c405214ab063f19eada5977) Importer(815301076,1909f56bfc062723c751e8b465ee728b)  -> (artifact id: '99c4b23b4b5264a7fd2917255568d8dd') in 0.009515 seconds 
========================================================================
Received Import Request.
  Time since last request: 0.000014 seconds.
  path: Assets/Roll On/Prefabs/SkinShop.prefab
  artifactKey: Guid(6aead74808bd2d2468e0d2bb22967334) Importer(815301076,1909f56bfc062723c751e8b465ee728b)
Start importing Assets/Roll On/Prefabs/SkinShop.prefab using Guid(6aead74808bd2d2468e0d2bb22967334) Importer(815301076,1909f56bfc062723c751e8b465ee728b)  -> (artifact id: 'c58f0e7acb784ca64e378d7c65a5d036') in 0.015658 seconds 
========================================================================
Received Import Request.
  Time since last request: 0.000014 seconds.
  path: Assets/Roll On/Prefabs/SpawnManager.prefab
  artifactKey: Guid(9e4912f0c46cad04d80ed8eb65caaa9f) Importer(815301076,1909f56bfc062723c751e8b465ee728b)
Start importing Assets/Roll On/Prefabs/SpawnManager.prefab using Guid(9e4912f0c46cad04d80ed8eb65caaa9f) Importer(815301076,1909f56bfc062723c751e8b465ee728b)  -> (artifact id: 'eadf06a9ab45d6be87f05641785b16a2') in 0.008727 seconds 
Editor requested this worker to shutdown with reason: Scaling down because of idle timeout
AssetImportWorker is now disconnected from the server
Process exiting
Exiting without the bug reporter. Application will terminate with return code 0